[2021-10-01 09:47:11.128][info][Request received....................]
[2021-10-01 09:47:11.130][info][{'inputdata': {'REF_NO': 1, 'children': 'Zero', 'age_band': '51-55', 'status': 'Partner', 'occupation': 'Manual Worker', 'occupation_partner': 'Secretarial/Admin', 'home_status': 'Own Home', 'family_income': '<17,500, >=15,000', 'self_employed': 'No', 'self_employed_partner': 'No', 'year_last_moved': 1972, 'TVarea': 'HTV', 'post_code': 'NP4 9HS', 'post_area': 'NP4', 'Average Credit Card Transaction': 148.44, 'Balance Transfer': 142.95, 'Term Deposit': 0.0, 'Life Insurance': 81.96, 'Medical Insurance': 0.0, 'Average A/C Balance': 29.99, 'Personal Loan': 0.0, 'Investment in Mutual Fund': 61.95, 'Investment Tax Saving Bond': 19.99, 'Home Loan': 0.0, 'Online Purchase Amount': 0.0, 'gender': 'Female', 'region': 'Wales', 'Investment in Commudity': 74.67, 'Investment in Equity': 18.66, 'Investment in Derivative': 32.32, 'Portfolio Balance': 89.43}}]
[2021-10-01 09:47:11.147][info][Response sent....................]
[2021-10-01 09:48:06.671][info][##################################################]
[2021-10-01 09:48:09.638][info][Request received....................]
[2021-10-01 09:48:09.640][info][{'inputdata': {'REF_NO': 1, 'children': 'Zero', 'age_band': '51-55', 'status': 'Partner', 'occupation': 'Manual Worker', 'occupation_partner': 'Secretarial/Admin', 'home_status': 'Own Home', 'family_income': '<17,500, >=15,000', 'self_employed': 'No', 'self_employed_partner': 'No', 'year_last_moved': 1972, 'TVarea': 'HTV', 'post_code': 'NP4 9HS', 'post_area': 'NP4', 'Average Credit Card Transaction': 148.44, 'Balance Transfer': 142.95, 'Term Deposit': 0.0, 'Life Insurance': 81.96, 'Medical Insurance': 0.0, 'Average A/C Balance': 29.99, 'Personal Loan': 0.0, 'Investment in Mutual Fund': 61.95, 'Investment Tax Saving Bond': 19.99, 'Home Loan': 0.0, 'Online Purchase Amount': 0.0, 'gender': 'Female', 'region': 'Wales', 'Investment in Commudity': 74.67, 'Investment in Equity': 18.66, 'Investment in Derivative': 32.32, 'Portfolio Balance': 89.43}}]
[2021-10-01 09:48:09.647][info][Response sent....................]
[2021-10-01 09:50:45.544][info][##################################################]
[2021-10-01 09:50:53.126][info][Request received....................]
[2021-10-01 09:50:53.128][info][{'inputdata': {'REF_NO': 1, 'children': 'Zero', 'age_band': '51-55', 'status': 'Partner', 'occupation': 'Manual Worker', 'occupation_partner': 'Secretarial/Admin', 'home_status': 'Own Home', 'family_income': '<17,500, >=15,000', 'self_employed': 'No', 'self_employed_partner': 'No', 'year_last_moved': 1972, 'TVarea': 'HTV', 'post_code': 'NP4 9HS', 'post_area': 'NP4', 'Average Credit Card Transaction': 148.44, 'Balance Transfer': 142.95, 'Term Deposit': 0.0, 'Life Insurance': 81.96, 'Medical Insurance': 0.0, 'Average A/C Balance': 29.99, 'Personal Loan': 0.0, 'Investment in Mutual Fund': 61.95, 'Investment Tax Saving Bond': 19.99, 'Home Loan': 0.0, 'Online Purchase Amount': 0.0, 'gender': 'Female', 'region': 'Wales', 'Investment in Commudity': 74.67, 'Investment in Equity': 18.66, 'Investment in Derivative': 32.32, 'Portfolio Balance': 89.43}}]
[2021-10-01 09:50:53.132][info][Response sent....................]
[2021-10-01 09:51:36.725][info][##################################################]
[2021-10-01 09:51:39.841][info][Request received....................]
[2021-10-01 09:51:39.843][info][{'inputdata': {'REF_NO': 1, 'children': 'Zero', 'age_band': '51-55', 'status': 'Partner', 'occupation': 'Manual Worker', 'occupation_partner': 'Secretarial/Admin', 'home_status': 'Own Home', 'family_income': '<17,500, >=15,000', 'self_employed': 'No', 'self_employed_partner': 'No', 'year_last_moved': 1972, 'TVarea': 'HTV', 'post_code': 'NP4 9HS', 'post_area': 'NP4', 'Average Credit Card Transaction': 148.44, 'Balance Transfer': 142.95, 'Term Deposit': 0.0, 'Life Insurance': 81.96, 'Medical Insurance': 0.0, 'Average A/C Balance': 29.99, 'Personal Loan': 0.0, 'Investment in Mutual Fund': 61.95, 'Investment Tax Saving Bond': 19.99, 'Home Loan': 0.0, 'Online Purchase Amount': 0.0, 'gender': 'Female', 'region': 'Wales', 'Investment in Commudity': 74.67, 'Investment in Equity': 18.66, 'Investment in Derivative': 32.32, 'Portfolio Balance': 89.43}}]
[2021-10-01 09:51:39.949][info][Response sent....................]
[2021-10-01 09:53:09.058][info][##################################################]
[2021-10-01 09:53:14.092][info][Request received....................]
[2021-10-01 09:53:14.094][info][{'inputdata': {'REF_NO': 1, 'children': 'Zero', 'age_band': '51-55', 'status': 'Partner', 'occupation': 'Manual Worker', 'occupation_partner': 'Secretarial/Admin', 'home_status': 'Own Home', 'family_income': '<17,500, >=15,000', 'self_employed': 'No', 'self_employed_partner': 'No', 'year_last_moved': 1972, 'TVarea': 'HTV', 'post_code': 'NP4 9HS', 'post_area': 'NP4', 'Average Credit Card Transaction': 148.44, 'Balance Transfer': 142.95, 'Term Deposit': 0.0, 'Life Insurance': 81.96, 'Medical Insurance': 0.0, 'Average A/C Balance': 29.99, 'Personal Loan': 0.0, 'Investment in Mutual Fund': 61.95, 'Investment Tax Saving Bond': 19.99, 'Home Loan': 0.0, 'Online Purchase Amount': 0.0, 'gender': 'Female', 'region': 'Wales', 'Investment in Commudity': 74.67, 'Investment in Equity': 18.66, 'Investment in Derivative': 32.32, 'Portfolio Balance': 89.43}}]
[2021-10-01 09:53:14.212][info][Response sent....................]
[2021-10-01 09:53:25.563][info][##################################################]
[2021-10-01 09:53:27.194][info][##################################################]
[2021-10-01 09:53:50.506][info][##################################################]
[2021-10-01 09:53:56.470][info][Request received....................]
[2021-10-01 09:53:56.471][info][{'inputdata': {'REF_NO': 1, 'children': 'Zero', 'age_band': '51-55', 'status': 'Partner', 'occupation': 'Manual Worker', 'occupation_partner': 'Secretarial/Admin', 'home_status': 'Own Home', 'family_income': '<17,500, >=15,000', 'self_employed': 'No', 'self_employed_partner': 'No', 'year_last_moved': 1972, 'TVarea': 'HTV', 'post_code': 'NP4 9HS', 'post_area': 'NP4', 'Average Credit Card Transaction': 148.44, 'Balance Transfer': 142.95, 'Term Deposit': 0.0, 'Life Insurance': 81.96, 'Medical Insurance': 0.0, 'Average A/C Balance': 29.99, 'Personal Loan': 0.0, 'Investment in Mutual Fund': 61.95, 'Investment Tax Saving Bond': 19.99, 'Home Loan': 0.0, 'Online Purchase Amount': 0.0, 'gender': 'Female', 'region': 'Wales', 'Investment in Commudity': 74.67, 'Investment in Equity': 18.66, 'Investment in Derivative': 32.32, 'Portfolio Balance': 89.43}}]
[2021-10-01 09:53:56.577][info][Response sent....................]
[2021-10-01 09:54:39.064][info][##################################################]
[2021-10-01 09:54:45.858][info][Request received....................]
[2021-10-01 09:54:45.860][info][{'inputdata': {'REF_NO': 1, 'children': 'Zero', 'age_band': '51-55', 'status': 'Partner', 'occupation': 'Manual Worker', 'occupation_partner': 'Secretarial/Admin', 'home_status': 'Own Home', 'family_income': '<17,500, >=15,000', 'self_employed': 'No', 'self_employed_partner': 'No', 'year_last_moved': 1972, 'TVarea': 'HTV', 'post_code': 'NP4 9HS', 'post_area': 'NP4', 'Average Credit Card Transaction': 148.44, 'Balance Transfer': 142.95, 'Term Deposit': 0.0, 'Life Insurance': 81.96, 'Medical Insurance': 0.0, 'Average A/C Balance': 29.99, 'Personal Loan': 0.0, 'Investment in Mutual Fund': 61.95, 'Investment Tax Saving Bond': 19.99, 'Home Loan': 0.0, 'Online Purchase Amount': 0.0, 'gender': 'Female', 'region': 'Wales', 'Investment in Commudity': 74.67, 'Investment in Equity': 18.66, 'Investment in Derivative': 32.32, 'Portfolio Balance': 89.43}}]
[2021-10-01 09:54:45.965][info][Response sent....................]
[2021-10-01 09:55:20.540][info][##################################################]
[2021-10-01 09:55:29.329][info][##################################################]
[2021-10-01 09:55:31.827][info][Request received....................]
[2021-10-01 09:55:31.829][info][{'inputdata': {'REF_NO': 1, 'children': 'Zero', 'age_band': '51-55', 'status': 'Partner', 'occupation': 'Manual Worker', 'occupation_partner': 'Secretarial/Admin', 'home_status': 'Own Home', 'family_income': '<17,500, >=15,000', 'self_employed': 'No', 'self_employed_partner': 'No', 'year_last_moved': 1972, 'TVarea': 'HTV', 'post_code': 'NP4 9HS', 'post_area': 'NP4', 'Average Credit Card Transaction': 148.44, 'Balance Transfer': 142.95, 'Term Deposit': 0.0, 'Life Insurance': 81.96, 'Medical Insurance': 0.0, 'Average A/C Balance': 29.99, 'Personal Loan': 0.0, 'Investment in Mutual Fund': 61.95, 'Investment Tax Saving Bond': 19.99, 'Home Loan': 0.0, 'Online Purchase Amount': 0.0, 'gender': 'Female', 'region': 'Wales', 'Investment in Commudity': 74.67, 'Investment in Equity': 18.66, 'Investment in Derivative': 32.32, 'Portfolio Balance': 89.43}}]
[2021-10-01 09:55:31.940][info][Response sent....................]
[2021-10-01 09:56:13.182][info][##################################################]
[2021-10-01 09:56:16.554][info][Request received....................]
[2021-10-01 09:56:16.556][info][{'inputdata': {'REF_NO': 1, 'children': 'Zero', 'age_band': '51-55', 'status': 'Partner', 'occupation': 'Manual Worker', 'occupation_partner': 'Secretarial/Admin', 'home_status': 'Own Home', 'family_income': '<17,500, >=15,000', 'self_employed': 'No', 'self_employed_partner': 'No', 'year_last_moved': 1972, 'TVarea': 'HTV', 'post_code': 'NP4 9HS', 'post_area': 'NP4', 'Average Credit Card Transaction': 148.44, 'Balance Transfer': 142.95, 'Term Deposit': 0.0, 'Life Insurance': 81.96, 'Medical Insurance': 0.0, 'Average A/C Balance': 29.99, 'Personal Loan': 0.0, 'Investment in Mutual Fund': 61.95, 'Investment Tax Saving Bond': 19.99, 'Home Loan': 0.0, 'Online Purchase Amount': 0.0, 'gender': 'Female', 'region': 'Wales', 'Investment in Commudity': 74.67, 'Investment in Equity': 18.66, 'Investment in Derivative': 32.32, 'Portfolio Balance': 89.43}}]
[2021-10-01 09:56:16.660][info][Response sent....................]
[2021-10-01 09:56:47.853][info][##################################################]
[2021-10-01 09:56:50.107][info][Request received....................]
[2021-10-01 09:56:50.110][info][{'inputdata': {'REF_NO': 1, 'children': 'Zero', 'age_band': '51-55', 'status': 'Partner', 'occupation': 'Manual Worker', 'occupation_partner': 'Secretarial/Admin', 'home_status': 'Own Home', 'family_income': '<17,500, >=15,000', 'self_employed': 'No', 'self_employed_partner': 'No', 'year_last_moved': 1972, 'TVarea': 'HTV', 'post_code': 'NP4 9HS', 'post_area': 'NP4', 'Average Credit Card Transaction': 148.44, 'Balance Transfer': 142.95, 'Term Deposit': 0.0, 'Life Insurance': 81.96, 'Medical Insurance': 0.0, 'Average A/C Balance': 29.99, 'Personal Loan': 0.0, 'Investment in Mutual Fund': 61.95, 'Investment Tax Saving Bond': 19.99, 'Home Loan': 0.0, 'Online Purchase Amount': 0.0, 'gender': 'Female', 'region': 'Wales', 'Investment in Commudity': 74.67, 'Investment in Equity': 18.66, 'Investment in Derivative': 32.32, 'Portfolio Balance': 89.43}}]
[2021-10-01 09:56:50.218][info][Response sent....................]
[2021-10-01 09:57:10.571][info][##################################################]
[2021-10-01 09:57:12.316][info][Request received....................]
[2021-10-01 09:57:12.319][info][{'inputdata': {'REF_NO': 1, 'children': 'Zero', 'age_band': '51-55', 'status': 'Partner', 'occupation': 'Manual Worker', 'occupation_partner': 'Secretarial/Admin', 'home_status': 'Own Home', 'family_income': '<17,500, >=15,000', 'self_employed': 'No', 'self_employed_partner': 'No', 'year_last_moved': 1972, 'TVarea': 'HTV', 'post_code': 'NP4 9HS', 'post_area': 'NP4', 'Average Credit Card Transaction': 148.44, 'Balance Transfer': 142.95, 'Term Deposit': 0.0, 'Life Insurance': 81.96, 'Medical Insurance': 0.0, 'Average A/C Balance': 29.99, 'Personal Loan': 0.0, 'Investment in Mutual Fund': 61.95, 'Investment Tax Saving Bond': 19.99, 'Home Loan': 0.0, 'Online Purchase Amount': 0.0, 'gender': 'Female', 'region': 'Wales', 'Investment in Commudity': 74.67, 'Investment in Equity': 18.66, 'Investment in Derivative': 32.32, 'Portfolio Balance': 89.43}}]
[2021-10-01 09:57:12.430][info][<Response 215 bytes [200 OK]>]
[2021-10-01 09:59:08.578][info][##################################################]
[2021-10-01 09:59:10.450][info][Request received....................]
[2021-10-01 09:59:10.454][info][{'inputdata': {'REF_NO': 1, 'children': 'Zero', 'age_band': '51-55', 'status': 'Partner', 'occupation': 'Manual Worker', 'occupation_partner': 'Secretarial/Admin', 'home_status': 'Own Home', 'family_income': '<17,500, >=15,000', 'self_employed': 'No', 'self_employed_partner': 'No', 'year_last_moved': 1972, 'TVarea': 'HTV', 'post_code': 'NP4 9HS', 'post_area': 'NP4', 'Average Credit Card Transaction': 148.44, 'Balance Transfer': 142.95, 'Term Deposit': 0.0, 'Life Insurance': 81.96, 'Medical Insurance': 0.0, 'Average A/C Balance': 29.99, 'Personal Loan': 0.0, 'Investment in Mutual Fund': 61.95, 'Investment Tax Saving Bond': 19.99, 'Home Loan': 0.0, 'Online Purchase Amount': 0.0, 'gender': 'Female', 'region': 'Wales', 'Investment in Commudity': 74.67, 'Investment in Equity': 18.66, 'Investment in Derivative': 32.32, 'Portfolio Balance': 89.43}}]
[2021-10-01 09:59:10.648][info][Response sent....................]
[2021-10-01 09:59:26.740][info][##################################################]
[2021-10-01 09:59:28.045][info][Request received....................]
[2021-10-01 09:59:28.047][info][{'inputdata': {'REF_NO': 1, 'children': 'Zero', 'age_band': '51-55', 'status': 'Partner', 'occupation': 'Manual Worker', 'occupation_partner': 'Secretarial/Admin', 'home_status': 'Own Home', 'family_income': '<17,500, >=15,000', 'self_employed': 'No', 'self_employed_partner': 'No', 'year_last_moved': 1972, 'TVarea': 'HTV', 'post_code': 'NP4 9HS', 'post_area': 'NP4', 'Average Credit Card Transaction': 148.44, 'Balance Transfer': 142.95, 'Term Deposit': 0.0, 'Life Insurance': 81.96, 'Medical Insurance': 0.0, 'Average A/C Balance': 29.99, 'Personal Loan': 0.0, 'Investment in Mutual Fund': 61.95, 'Investment Tax Saving Bond': 19.99, 'Home Loan': 0.0, 'Online Purchase Amount': 0.0, 'gender': 'Female', 'region': 'Wales', 'Investment in Commudity': 74.67, 'Investment in Equity': 18.66, 'Investment in Derivative': 32.32, 'Portfolio Balance': 89.43}}]
[2021-10-01 09:59:28.209][info][Response sent....................]
[2021-10-01 10:00:00.954][info][##################################################]
[2021-10-01 10:00:02.667][info][Request received....................]
[2021-10-01 10:00:02.669][info][{'inputdata': {'REF_NO': 1, 'children': 'Zero', 'age_band': '51-55', 'status': 'Partner', 'occupation': 'Manual Worker', 'occupation_partner': 'Secretarial/Admin', 'home_status': 'Own Home', 'family_income': '<17,500, >=15,000', 'self_employed': 'No', 'self_employed_partner': 'No', 'year_last_moved': 1972, 'TVarea': 'HTV', 'post_code': 'NP4 9HS', 'post_area': 'NP4', 'Average Credit Card Transaction': 148.44, 'Balance Transfer': 142.95, 'Term Deposit': 0.0, 'Life Insurance': 81.96, 'Medical Insurance': 0.0, 'Average A/C Balance': 29.99, 'Personal Loan': 0.0, 'Investment in Mutual Fund': 61.95, 'Investment Tax Saving Bond': 19.99, 'Home Loan': 0.0, 'Online Purchase Amount': 0.0, 'gender': 'Female', 'region': 'Wales', 'Investment in Commudity': 74.67, 'Investment in Equity': 18.66, 'Investment in Derivative': 32.32, 'Portfolio Balance': 89.43}}]
[2021-10-01 10:00:02.826][info][<Response 215 bytes [200 OK]>]
[2021-10-01 10:03:17.203][info][Request received....................]
[2021-10-01 10:03:17.204][info][{'inputdata': {'REF_NO': 1, 'children': 'Zero', 'age_band': '51-55', 'status': 'Partner', 'occupation': 'Manual Worker', 'occupation_partner': 'Secretarial/Admin', 'home_status': 'Own Home', 'family_income': '<17,500, >=15,000', 'self_employed': 'No', 'self_employed_partner': 'No', 'year_last_moved': 1972, 'TVarea': 'HTV', 'post_code': 'NP4 9HS', 'post_area': 'NP4', 'Average Credit Card Transaction': 148.44, 'Balance Transfer': 142.95, 'Term Deposit': 0.0, 'Life Insurance': 81.96, 'Medical Insurance': 0.0, 'Average A/C Balance': 29.99, 'Personal Loan': 0.0, 'Investment in Mutual Fund': 61.95, 'Investment Tax Saving Bond': 19.99, 'Home Loan': 0.0, 'Online Purchase Amount': 0.0, 'Revenue Grid': 1, 'gender': 'Female', 'region': 'Wales', 'Investment in Commudity': 74.67, 'Investment in Equity': 18.66, 'Investment in Derivative': 32.32, 'Portfolio Balance': 89.43}}]
[2021-10-01 10:03:17.307][info][Response sent....................]
[2021-10-01 10:03:49.329][info][Request received....................]
[2021-10-01 10:03:49.330][info][{'inputdata': {'REF_NO': 1, 'children': 'Zero', 'age_band': '51-55', 'status': 'Partner', 'occupation': 'Manual Worker', 'occupation_partner': 'Secretarial/Admin', 'home_status': 'Own Home', 'family_income': '<17,500, >=15,000', 'self_employed': 'No', 'self_employed_partner': 'No', 'year_last_moved': 1972, 'TVarea': 'HTV', 'post_code': 'NP4 9HS', 'post_area': 'NP4', 'Average Credit Card Transaction': 148.44, 'Balance Transfer': 142.95, 'Term Deposit': 0.0, 'Life Insurance': 81.96, 'Medical Insurance': 0.0, 'Average A/C Balance': 29.99, 'Personal Loan': 0.0, 'Investment in Mutual Fund': 61.95, 'Investment Tax Saving Bond': 19.99, 'Home Loan': 0.0, 'Online Purchase Amount': 0.0, 'gender': 'Female', 'region': 'Wales', 'Investment in Commudity': 74.67, 'Investment in Equity': 18.66, 'Investment in Derivative': 32.32, 'Portfolio Balance': 89.43}}]
[2021-10-01 10:03:49.519][info][<Response 215 bytes [200 OK]>]
[2021-10-01 10:04:52.998][info][Request received....................]
[2021-10-01 10:04:52.999][info][{'inputdata': {'REF_NO': 1, 'children': 'Zero', 'age_band': '51-55', 'status': 'Partner', 'occupation': 'Manual Worker', 'occupation_partner': 'Secretarial/Admin', 'home_status': 'Own Home', 'family_income': '<17,500, >=15,000', 'self_employed': 'No', 'self_employed_partner': 'No', 'year_last_moved': 1972, 'TVarea': 'HTV', 'post_code': 'NP4 9HS', 'post_area': 'NP4', 'Average Credit Card Transaction': 148.44, 'Balance Transfer': 142.95, 'Term Deposit': 0.0, 'Life Insurance': 81.96, 'Medical Insurance': 0.0, 'Average A/C Balance': 29.99, 'Personal Loan': 0.0, 'Investment in Mutual Fund': 61.95, 'Investment Tax Saving Bond': 19.99, 'Home Loan': 0.0, 'Online Purchase Amount': 0.0, 'gender': 'Female', 'region': 'Wales', 'Investment in Commudity': 74.67, 'Investment in Equity': 18.66, 'Investment in Derivative': 32.32, 'Portfolio Balance': 89.43}}]
[2021-10-01 10:04:53.195][info][<Response 215 bytes [200 OK]>]
[2021-10-01 10:05:51.424][info][Request received....................]
[2021-10-01 10:05:51.425][info][{'inputdata': {'REF_NO': 204, 'children': '1', 'age_band': '41-45', 'status': 'Partner', 'occupation': 'Secretarial/Admin', 'occupation_partner': 'Business Manager', 'home_status': 'Own Home', 'family_income': '<22,500, >=20,000', 'self_employed': 'No', 'self_employed_partner': 'No', 'year_last_moved': 1984, 'TVarea': 'Central', 'post_code': 'CV10 0BT', 'post_area': 'CV10', 'Average Credit Card Transaction': 34.47, 'Balance Transfer': 49.99, 'Term Deposit': 60.97, 'Life Insurance': 89.95, 'Medical Insurance': 7.49, 'Average A/C Balance': 61.44, 'Personal Loan': 38.95, 'Investment in Mutual Fund': 120.41, 'Investment Tax Saving Bond': 2.0, 'Home Loan': 0.0, 'Online Purchase Amount': 0.0, 'gender': 'Female', 'region': 'West Midlands', 'Investment in Commudity': 48.57, 'Investment in Equity': 37.13, 'Investment in Derivative': 53.37, 'Portfolio Balance': 159.22}}]
[2021-10-01 10:05:51.583][info][<Response 215 bytes [200 OK]>]
[2021-10-01 10:06:26.224][info][##################################################]
[2021-10-01 10:06:27.564][info][Request received....................]
[2021-10-01 10:06:27.567][info][{'inputdata': {'REF_NO': 204, 'children': '1', 'age_band': '41-45', 'status': 'Partner', 'occupation': 'Secretarial/Admin', 'occupation_partner': 'Business Manager', 'home_status': 'Own Home', 'family_income': '<22,500, >=20,000', 'self_employed': 'No', 'self_employed_partner': 'No', 'year_last_moved': 1984, 'TVarea': 'Central', 'post_code': 'CV10 0BT', 'post_area': 'CV10', 'Average Credit Card Transaction': 34.47, 'Balance Transfer': 49.99, 'Term Deposit': 60.97, 'Life Insurance': 89.95, 'Medical Insurance': 7.49, 'Average A/C Balance': 61.44, 'Personal Loan': 38.95, 'Investment in Mutual Fund': 120.41, 'Investment Tax Saving Bond': 2.0, 'Home Loan': 0.0, 'Online Purchase Amount': 0.0, 'gender': 'Female', 'region': 'West Midlands', 'Investment in Commudity': 48.57, 'Investment in Equity': 37.13, 'Investment in Derivative': 53.37, 'Portfolio Balance': 159.22}}]
[2021-10-01 10:06:27.745][info][<Response 215 bytes [200 OK]>]
[2021-10-01 10:14:42.572][info][##################################################]
[2021-10-01 10:14:45.909][info][Request received....................]
[2021-10-01 10:14:45.911][info][{'inputdata': {'REF_NO': 204, 'children': '1', 'age_band': '41-45', 'status': 'Partner', 'occupation': 'Secretarial/Admin', 'occupation_partner': 'Business Manager', 'home_status': 'Own Home', 'family_income': '<22,500, >=20,000', 'self_employed': 'No', 'self_employed_partner': 'No', 'year_last_moved': 1984, 'TVarea': 'Central', 'post_code': 'CV10 0BT', 'post_area': 'CV10', 'Average Credit Card Transaction': 34.47, 'Balance Transfer': 49.99, 'Term Deposit': 60.97, 'Life Insurance': 89.95, 'Medical Insurance': 7.49, 'Average A/C Balance': 61.44, 'Personal Loan': 38.95, 'Investment in Mutual Fund': 120.41, 'Investment Tax Saving Bond': 2.0, 'Home Loan': 0.0, 'Online Purchase Amount': 0.0, 'gender': 'Female', 'region': 'West Midlands', 'Investment in Commudity': 48.57, 'Investment in Equity': 37.13, 'Investment in Derivative': 53.37, 'Portfolio Balance': 159.22}}]
[2021-10-01 10:14:46.110][info][<Response 215 bytes [200 OK]>]
[2021-10-01 10:15:17.512][info][##################################################]
[2021-10-01 10:15:22.611][info][Request received....................]
[2021-10-01 10:15:22.613][info][{'inputdata': {'REF_NO': 204, 'children': '1', 'age_band': '41-45', 'status': 'Partner', 'occupation': 'Secretarial/Admin', 'occupation_partner': 'Business Manager', 'home_status': 'Own Home', 'family_income': '<22,500, >=20,000', 'self_employed': 'No', 'self_employed_partner': 'No', 'year_last_moved': 1984, 'TVarea': 'Central', 'post_code': 'CV10 0BT', 'post_area': 'CV10', 'Average Credit Card Transaction': 34.47, 'Balance Transfer': 49.99, 'Term Deposit': 60.97, 'Life Insurance': 89.95, 'Medical Insurance': 7.49, 'Average A/C Balance': 61.44, 'Personal Loan': 38.95, 'Investment in Mutual Fund': 120.41, 'Investment Tax Saving Bond': 2.0, 'Home Loan': 0.0, 'Online Purchase Amount': 0.0, 'gender': 'Female', 'region': 'West Midlands', 'Investment in Commudity': 48.57, 'Investment in Equity': 37.13, 'Investment in Derivative': 53.37, 'Portfolio Balance': 159.22}}]
[2021-10-01 10:15:22.834][info][<Response 215 bytes [200 OK]>]
[2021-10-01 10:17:46.144][info][##################################################]
[2021-10-01 10:17:48.310][info][Request received....................]
[2021-10-01 10:17:48.313][info][{'inputdata': {'REF_NO': 204, 'children': '1', 'age_band': '41-45', 'status': 'Partner', 'occupation': 'Secretarial/Admin', 'occupation_partner': 'Business Manager', 'home_status': 'Own Home', 'family_income': '<22,500, >=20,000', 'self_employed': 'No', 'self_employed_partner': 'No', 'year_last_moved': 1984, 'TVarea': 'Central', 'post_code': 'CV10 0BT', 'post_area': 'CV10', 'Average Credit Card Transaction': 34.47, 'Balance Transfer': 49.99, 'Term Deposit': 60.97, 'Life Insurance': 89.95, 'Medical Insurance': 7.49, 'Average A/C Balance': 61.44, 'Personal Loan': 38.95, 'Investment in Mutual Fund': 120.41, 'Investment Tax Saving Bond': 2.0, 'Home Loan': 0.0, 'Online Purchase Amount': 0.0, 'gender': 'Female', 'region': 'West Midlands', 'Investment in Commudity': 48.57, 'Investment in Equity': 37.13, 'Investment in Derivative': 53.37, 'Portfolio Balance': 159.22}}]
[2021-10-01 10:17:48.530][error][<Response 222 bytes [200 OK]>]
[2021-10-01 10:18:03.973][info][##################################################]
[2021-10-01 10:18:11.273][info][Request received....................]
[2021-10-01 10:18:11.276][info][{'inputdata': {'REF_NO': 204, 'children': '1', 'age_band': '41-45', 'status': 'Partner', 'occupation': 'Secretarial/Admin', 'occupation_partner': 'Business Manager', 'home_status': 'Own Home', 'family_income': '<22,500, >=20,000', 'self_employed': 'No', 'self_employed_partner': 'No', 'year_last_moved': 1984, 'TVarea': 'Central', 'post_code': 'CV10 0BT', 'post_area': 'CV10', 'Average Credit Card Transaction': 34.47, 'Balance Transfer': 49.99, 'Term Deposit': 60.97, 'Life Insurance': 89.95, 'Medical Insurance': 7.49, 'Average A/C Balance': 61.44, 'Personal Loan': 38.95, 'Investment in Mutual Fund': 120.41, 'Investment Tax Saving Bond': 2.0, 'Home Loan': 0.0, 'Online Purchase Amount': 0.0, 'gender': 'Female', 'region': 'West Midlands', 'Investment in Commudity': 48.57, 'Investment in Equity': 37.13, 'Investment in Derivative': 53.37, 'Portfolio Balance': 159.22}}]
[2021-10-01 10:18:11.495][error][<Response 220 bytes [200 OK]>]
[2021-10-01 10:18:29.441][info][Request received....................]
[2021-10-01 10:18:29.442][info][{'inputdata': {'REF_NO': 1, 'children': 'Zero', 'age_band': '51-55', 'status': 'Partner', 'occupation': 'Manual Worker', 'occupation_partner': 'Secretarial/Admin', 'home_status': 'Own Home', 'family_income': '<17,500, >=15,000', 'self_employed': 'No', 'self_employed_partner': 'No', 'year_last_moved': 1972, 'TVarea': 'HTV', 'post_code': 'NP4 9HS', 'post_area': 'NP4', 'Average Credit Card Transaction': 148.44, 'Balance Transfer': 142.95, 'Term Deposit': 0.0, 'Life Insurance': 81.96, 'Medical Insurance': 0.0, 'Average A/C Balance': 29.99, 'Personal Loan': 0.0, 'Investment in Mutual Fund': 61.95, 'Investment Tax Saving Bond': 19.99, 'Home Loan': 0.0, 'Online Purchase Amount': 0.0, 'gender': 'Female', 'region': 'Wales', 'Investment in Commudity': 74.67, 'Investment in Equity': 18.66, 'Investment in Derivative': 32.32, 'Portfolio Balance': 89.43}}]
[2021-10-01 10:18:29.663][info][<Response 215 bytes [200 OK]>]
[2021-10-01 10:18:43.138][info][##################################################]
[2021-10-01 10:19:01.980][info][##################################################]
[2021-10-01 10:19:07.452][info][##################################################]
[2021-10-01 10:20:53.940][info][##################################################]
[2021-10-01 11:18:01.627][info][##################################################]
[2021-10-01 11:18:09.404][info][##################################################]
[2021-10-01 11:24:27.948][info][Request received....................]
[2021-10-01 11:24:27.956][info][{'inputdata': {'REF_NO': 1, 'children': 'Zero', 'age_band': '51-55', 'status': 'Partner', 'occupation': 'Manual Worker', 'occupation_partner': 'Secretarial/Admin', 'home_status': 'Own Home', 'family_income': '<17,500, >=15,000', 'self_employed': 'No', 'self_employed_partner': 'No', 'year_last_moved': 1972, 'TVarea': 'HTV', 'post_code': 'NP4 9HS', 'post_area': 'NP4', 'Average Credit Card Transaction': 148.44, 'Balance Transfer': 142.95, 'Term Deposit': 0.0, 'Life Insurance': 81.96, 'Medical Insurance': 0.0, 'Average A/C Balance': 29.99, 'Personal Loan': 0.0, 'Investment in Mutual Fund': 61.95, 'Investment Tax Saving Bond': 19.99, 'Home Loan': 0.0, 'Online Purchase Amount': 0.0, 'gender': 'Female', 'region': 'Wales', 'Investment in Commudity': 74.67, 'Investment in Equity': 18.66, 'Investment in Derivative': 32.32, 'Portfolio Balance': 89.43}}]
[2021-10-01 11:24:28.774][info][<Response 215 bytes [200 OK]>]
[2021-10-01 11:27:27.416][info][##################################################]
[2021-10-01 11:27:35.690][info][Request received....................]
[2021-10-01 11:27:35.697][info][{'inputdata': {'REF_NO': 1, 'children': 'Zero', 'age_band': '51-55', 'status': 'Partner', 'occupation': 'Manual Worker', 'occupation_partner': 'Secretarial/Admin', 'home_status': 'Own Home', 'family_income': '<17,500, >=15,000', 'self_employed': 'No', 'self_employed_partner': 'No', 'year_last_moved': 1972, 'TVarea': 'HTV', 'post_code': 'NP4 9HS', 'post_area': 'NP4', 'Average Credit Card Transaction': 148.44, 'Balance Transfer': 142.95, 'Term Deposit': 0.0, 'Life Insurance': 81.96, 'Medical Insurance': 0.0, 'Average A/C Balance': 29.99, 'Personal Loan': 0.0, 'Investment in Mutual Fund': 61.95, 'Investment Tax Saving Bond': 19.99, 'Home Loan': 0.0, 'Online Purchase Amount': 0.0, 'gender': 'Female', 'region': 'Wales', 'Investment in Commudity': 74.67, 'Investment in Equity': 18.66, 'Investment in Derivative': 32.32, 'Portfolio Balance': 89.43}}]
[2021-10-01 11:27:36.325][info][<Response 215 bytes [200 OK]>]
[2021-10-01 11:27:36.327][info][Response sent....................]
[2021-10-01 11:27:36.329][error][<Response 215 bytes [200 OK]>]
[2021-10-01 11:30:52.708][info][##################################################]
[2021-10-01 11:30:57.033][info][Request received....................]
[2021-10-01 11:30:57.040][info][{'inputdata': {'REF_NO': 1, 'children': 'Zero', 'age_band': '51-55', 'status': 'Partner', 'occupation': 'Manual Worker', 'occupation_partner': 'Secretarial/Admin', 'home_status': 'Own Home', 'family_income': '<17,500, >=15,000', 'self_employed': 'No', 'self_employed_partner': 'No', 'year_last_moved': 1972, 'TVarea': 'HTV', 'post_code': 'NP4 9HS', 'post_area': 'NP4', 'Average Credit Card Transaction': 148.44, 'Balance Transfer': 142.95, 'Term Deposit': 0.0, 'Life Insurance': 81.96, 'Medical Insurance': 0.0, 'Average A/C Balance': 29.99, 'Personal Loan': 0.0, 'Investment in Mutual Fund': 61.95, 'Investment Tax Saving Bond': 19.99, 'Home Loan': 0.0, 'Online Purchase Amount': 0.0, 'gender': 'Female', 'region': 'Wales', 'Investment in Commudity': 74.67, 'Investment in Equity': 18.66, 'Investment in Derivative': 32.32, 'Portfolio Balance': 89.43}}]
[2021-10-01 11:30:57.595][info][<Response 215 bytes [200 OK]>]
[2021-10-01 11:30:57.597][info][Response sent....................]
[2021-10-01 11:30:57.598][error][{'ResponseCode': '000', 'Response': {'DiscountEligibility': True, 'Class': '1', 'Label': 'eligible for discount', 'Probability': '0.7009958880238185'}, 'ResponseMessage': 'SUCCESS'}]
[2021-10-01 11:33:43.457][info][##################################################]
[2021-10-01 11:34:06.391][info][##################################################]
[2021-10-01 11:34:14.638][info][Request received....................]
[2021-10-01 11:34:14.645][info][{'inputdata': {'REF_NO': 1, 'children': 'Zero', 'age_band': '51-55', 'status': 'Partner', 'occupation': 'Manual Worker', 'occupation_partner': 'Secretarial/Admin', 'home_status': 'Own Home', 'family_income': '<17,500, >=15,000', 'self_employed': 'No', 'self_employed_partner': 'No', 'year_last_moved': 1972, 'TVarea': 'HTV', 'post_code': 'NP4 9HS', 'post_area': 'NP4', 'Average Credit Card Transaction': 148.44, 'Balance Transfer': 142.95, 'Term Deposit': 0.0, 'Life Insurance': 81.96, 'Medical Insurance': 0.0, 'Average A/C Balance': 29.99, 'Personal Loan': 0.0, 'Investment in Mutual Fund': 61.95, 'Investment Tax Saving Bond': 19.99, 'Home Loan': 0.0, 'Online Purchase Amount': 0.0, 'gender': 'Female', 'region': 'Wales', 'Investment in Commudity': 74.67, 'Investment in Equity': 18.66, 'Investment in Derivative': 32.32, 'Portfolio Balance': 89.43}}]
[2021-10-01 11:34:15.474][info][{'ResponseCode': '000', 'Response': {'DiscountEligibility': True, 'Class': '1', 'Label': 'eligible for discount', 'Probability': '0.7009958880238185'}, 'ResponseMessage': 'SUCCESS'}]
[2021-10-01 11:35:32.003][info][##################################################]
[2021-10-01 11:35:43.151][info][##################################################]
[2021-10-01 11:35:46.697][info][Request received....................]
[2021-10-01 11:35:46.703][info][{'inputdata': {'REF_NO': 1, 'children': 'Zero', 'age_band': '51-55', 'status': 'Partner', 'occupation': 'Manual Worker', 'occupation_partner': 'Secretarial/Admin', 'home_status': 'Own Home', 'family_income': '<17,500, >=15,000', 'self_employed': 'No', 'self_employed_partner': 'No', 'year_last_moved': 1972, 'TVarea': 'HTV', 'post_code': 'NP4 9HS', 'post_area': 'NP4', 'Average Credit Card Transaction': 148.44, 'Balance Transfer': 142.95, 'Term Deposit': 0.0, 'Life Insurance': 81.96, 'Medical Insurance': 0.0, 'Average A/C Balance': 29.99, 'Personal Loan': 0.0, 'Investment in Mutual Fund': 61.95, 'Investment Tax Saving Bond': 19.99, 'Home Loan': 0.0, 'Online Purchase Amount': 0.0, 'gender': 'Female', 'region': 'Wales', 'Investment in Commudity': 74.67, 'Investment in Equity': 18.66, 'Investment in Derivative': 32.32, 'Portfolio Balance': 89.43}}]
[2021-10-01 11:35:47.268][info][Response sent....................]
[2021-10-01 11:35:47.269][info][{'ResponseCode': '000', 'Response': {'DiscountEligibility': True, 'Class': '1', 'Label': 'eligible for discount', 'Probability': '0.7009958880238185'}, 'ResponseMessage': 'SUCCESS'}]
[2021-10-01 11:38:08.002][info][##################################################]
[2021-10-01 12:12:38.245][info][##################################################]
[2021-10-01 14:05:09.027][info][##################################################]
[2021-10-01 14:05:10.697][info][##################################################]
[2021-10-01 16:23:52.120][info][##################################################]
[2021-10-01 16:23:54.251][info][##################################################]
[2021-10-01 16:24:30.611][info][Request received....................]
[2021-10-01 16:24:30.615][info][{'inputdata': {'REF_NO': 1, 'children': 'Zero', 'age_band': '51-55', 'status': 'Partner', 'occupation': 'Manual Worker', 'occupation_partner': 'Secretarial/Admin', 'home_status': 'Own Home', 'family_income': '<17,500, >=15,000', 'self_employed': 'No', 'self_employed_partner': 'No', 'year_last_moved': 1972, 'TVarea': 'HTV', 'post_code': 'NP4 9HS', 'post_area': 'NP4', 'Average Credit Card Transaction': 148.44, 'Balance Transfer': 142.95, 'Term Deposit': 0.0, 'Life Insurance': 81.96, 'Medical Insurance': 0.0, 'Average A/C Balance': 29.99, 'Personal Loan': 0.0, 'Investment in Mutual Fund': 61.95, 'Investment Tax Saving Bond': 19.99, 'Home Loan': 0.0, 'Online Purchase Amount': 0.0, 'gender': 'Female', 'region': 'Wales', 'Investment in Commudity': 74.67, 'Investment in Equity': 18.66, 'Investment in Derivative': 32.32, 'Portfolio Balance': 89.43}}]
[2021-10-01 16:24:30.914][info][Response sent....................]
[2021-10-01 16:24:30.915][info][{'ResponseCode': '000', 'Response': {'DiscountEligibility': True, 'Class': '1', 'Label': 'eligible for discount', 'Probability': '0.7009958880238185'}, 'ResponseMessage': 'SUCCESS'}]
[2021-10-01 16:25:02.365][info][Request received....................]
[2021-10-01 16:25:02.366][info][{'inputdata': {'REF_NO': 204, 'children': '1', 'age_band': '41-45', 'status': 'Partner', 'occupation': 'Secretarial/Admin', 'occupation_partner': 'Business Manager', 'home_status': 'Own Home', 'family_income': '<22,500, >=20,000', 'self_employed': 'No', 'self_employed_partner': 'No', 'year_last_moved': 1984, 'TVarea': 'Central', 'post_code': 'CV10 0BT', 'post_area': 'CV10', 'Average Credit Card Transaction': 34.47, 'Balance Transfer': 49.99, 'Term Deposit': 60.97, 'Life Insurance': 89.95, 'Medical Insurance': 7.49, 'Average A/C Balance': 61.44, 'Personal Loan': 38.95, 'Investment in Mutual Fund': 120.41, 'Investment Tax Saving Bond': 2.0, 'Home Loan': 0.0, 'Online Purchase Amount': 0.0, 'gender': 'Female', 'region': 'West Midlands', 'Investment in Commudity': 48.57, 'Investment in Equity': 37.13, 'Investment in Derivative': 53.37, 'Portfolio Balance': 159.22}}]
[2021-10-01 16:25:02.674][info][Response sent....................]
[2021-10-01 16:25:02.677][info][{'ResponseCode': '100', 'Response': {'DiscountEligibility': False, 'Class': '2', 'Label': 'not eligible for discount', 'Probability': '0.9969254899967502'}, 'ResponseMessage': 'FAILURE'}]
